Determining if the pthread_create exist failed with the following output:
Change Dir: /workspace/build/CMakeFiles/CMakeTmp

Run Build Command:"/usr/bin/make" "cmTC_da1ac/fast"
/usr/bin/make -f CMakeFiles/cmTC_da1ac.dir/build.make CMakeFiles/cmTC_da1ac.dir/build
make[1]: Entering directory '/workspace/build/CMakeFiles/CMakeTmp'
Building C object CMakeFiles/cmTC_da1ac.dir/CheckSymbolExists.c.o
/usr/bin/cc    -o CMakeFiles/cmTC_da1ac.dir/CheckSymbolExists.c.o   -c /workspace/build/CMakeFiles/CMakeTmp/CheckSymbolExists.c
Linking C executable cmTC_da1ac
/usr/bin/cmake -E cmake_link_script CMakeFiles/cmTC_da1ac.dir/link.txt --verbose=1
/usr/bin/cc      -rdynamic CMakeFiles/cmTC_da1ac.dir/CheckSymbolExists.c.o  -o cmTC_da1ac 
CMakeFiles/cmTC_da1ac.dir/CheckSymbolExists.c.o: In function `main':
CheckSymbolExists.c:(.text+0x1b): undefined reference to `pthread_create'
collect2: error: ld returned 1 exit status
CMakeFiles/cmTC_da1ac.dir/build.make:97: recipe for target 'cmTC_da1ac' failed
make[1]: *** [cmTC_da1ac] Error 1
make[1]: Leaving directory '/workspace/build/CMakeFiles/CMakeTmp'
Makefile:126: recipe for target 'cmTC_da1ac/fast' failed
make: *** [cmTC_da1ac/fast] Error 2

File /workspace/build/CMakeFiles/CMakeTmp/CheckSymbolExists.c:
/* */
#include <pthread.h>

int main(int argc, char** argv)
{
  (void)argv;
#ifndef pthread_create
  return ((int*)(&pthread_create))[argc];
#else
  (void)argc;
  return 0;
#endif
}

Determining if the function pthread_create exists in the pthreads failed with the following output:
Change Dir: /workspace/build/CMakeFiles/CMakeTmp

Run Build Command:"/usr/bin/make" "cmTC_b6087/fast"
/usr/bin/make -f CMakeFiles/cmTC_b6087.dir/build.make CMakeFiles/cmTC_b6087.dir/build
make[1]: Entering directory '/workspace/build/CMakeFiles/CMakeTmp'
Building C object CMakeFiles/cmTC_b6087.dir/CheckFunctionExists.c.o
/usr/bin/cc   -DCHECK_FUNCTION_EXISTS=pthread_create   -o CMakeFiles/cmTC_b6087.dir/CheckFunctionExists.c.o   -c /usr/share/cmake-3.10/Modules/CheckFunctionExists.c
Linking C executable cmTC_b6087
/usr/bin/cmake -E cmake_link_script CMakeFiles/cmTC_b6087.dir/link.txt --verbose=1
/usr/bin/cc  -DCHECK_FUNCTION_EXISTS=pthread_create    -rdynamic CMakeFiles/cmTC_b6087.dir/CheckFunctionExists.c.o  -o cmTC_b6087 -lpthreads 
/usr/bin/ld: cannot find -lpthreads
collect2: error: ld returned 1 exit status
CMakeFiles/cmTC_b6087.dir/build.make:97: recipe for target 'cmTC_b6087' failed
make[1]: *** [cmTC_b6087] Error 1
make[1]: Leaving directory '/workspace/build/CMakeFiles/CMakeTmp'
Makefile:126: recipe for target 'cmTC_b6087/fast' failed
make: *** [cmTC_b6087/fast] Error 2


